Started GET "/" for ::1 at 2024-05-17 22:31:04 -0400
  [1m[35m (0.2ms)[0m  [1m[35mCREATE TABLE "schema_migrations" ("version" varchar NOT NULL PRIMARY KEY)[0m
  [1m[35m (0.1ms)[0m  [1m[35mCREATE TABLE "ar_internal_metadata" ("key" varchar NOT NULL PRIMARY KEY, "value" varchar, "created_at" datetime(6) NOT NULL, "updated_at" datetime(6) NOT NULL)[0m
  [1m[36mActiveRecord::SchemaMigration Load (0.1ms)[0m  [1m[34mSELECT "schema_migrations"."version" FROM "schema_migrations" ORDER BY "schema_migrations"."version" ASC[0m
Processing by Rails::WelcomeController#index as HTML
  Rendering /Users/steven/.rvm/gems/ruby-3.3.0/gems/railties-7.1.3.3/lib/rails/templates/rails/welcome/index.html.erb
  Rendered /Users/steven/.rvm/gems/ruby-3.3.0/gems/railties-7.1.3.3/lib/rails/templates/rails/welcome/index.html.erb (Duration: 0.3ms | Allocations: 374)
Completed 200 OK in 13ms (Views: 3.1ms | ActiveRecord: 0.0ms | Allocations: 7758)


Started GET "/" for ::1 at 2024-05-17 22:33:55 -0400
  [1m[36mActiveRecord::SchemaMigration Load (0.1ms)[0m  [1m[34mSELECT "schema_migrations"."version" FROM "schema_migrations" ORDER BY "schema_migrations"."version" ASC[0m
Processing by Rails::WelcomeController#index as HTML
  Rendering /Users/steven/.rvm/gems/ruby-3.3.0/gems/railties-7.1.3.3/lib/rails/templates/rails/welcome/index.html.erb
  Rendered /Users/steven/.rvm/gems/ruby-3.3.0/gems/railties-7.1.3.3/lib/rails/templates/rails/welcome/index.html.erb (Duration: 0.5ms | Allocations: 357)
Completed 200 OK in 5ms (Views: 2.0ms | ActiveRecord: 0.0ms | Allocations: 3989)


Started GET "/" for ::1 at 2024-05-17 22:40:58 -0400
  
TypeError (superclass mismatch for class ApplicationController):
  
app/controllers/primary_controller.rb:1:in `<main>'
Started GET "/" for ::1 at 2024-05-17 22:41:09 -0400
Processing by PrimaryController#index as HTML
  Rendering layout layouts/application.html.erb
  Rendering primary/index.html.erb within layouts/application
  Rendered primary/index.html.erb within layouts/application (Duration: 0.1ms | Allocations: 79)
  Rendered layout layouts/application.html.erb (Duration: 171.2ms | Allocations: 145642)
Completed 200 OK in 173ms (Views: 172.2ms | ActiveRecord: 0.0ms | Allocations: 146608)


Started GET "/" for ::1 at 2024-05-21 13:48:47 -0400
  [1m[36mActiveRecord::SchemaMigration Load (0.1ms)[0m  [1m[34mSELECT "schema_migrations"."version" FROM "schema_migrations" ORDER BY "schema_migrations"."version" ASC[0m
Processing by PrimaryController#index as HTML
  Rendering layout layouts/application.html.erb
  Rendering primary/index.html.erb within layouts/application
  Rendered primary/index.html.erb within layouts/application (Duration: 0.1ms | Allocations: 169)
  Rendered layout layouts/application.html.erb (Duration: 5356.1ms | Allocations: 157777)
Completed 200 OK in 5377ms (Views: 5361.1ms | ActiveRecord: 0.0ms | Allocations: 165043)


Started GET "/" for ::1 at 2024-05-21 13:48:53 -0400
Processing by PrimaryController#index as HTML
  Rendering layout layouts/application.html.erb
  Rendering primary/index.html.erb within layouts/application
  Rendered primary/index.html.erb within layouts/application (Duration: 0.0ms | Allocations: 7)
  Rendered layout layouts/application.html.erb (Duration: 2.3ms | Allocations: 5660)
Completed 200 OK in 3ms (Views: 2.4ms | ActiveRecord: 0.0ms | Allocations: 5922)


Started GET "/" for ::1 at 2024-05-21 14:31:46 -0400
  [1m[36mActiveRecord::SchemaMigration Load (0.1ms)[0m  [1m[34mSELECT "schema_migrations"."version" FROM "schema_migrations" ORDER BY "schema_migrations"."version" ASC[0m
Processing by PrimaryController#index as HTML
  Rendering layout layouts/application.html.erb
  Rendering primary/index.html.erb within layouts/application
  Rendered primary/index.html.erb within layouts/application (Duration: 0.4ms | Allocations: 169)
  Rendered layout layouts/application.html.erb (Duration: 94.2ms | Allocations: 66855)
Completed 200 OK in 107ms (Views: 99.0ms | ActiveRecord: 0.0ms | Allocations: 70678)


Started GET "/" for ::1 at 2024-05-21 14:32:30 -0400
Processing by PrimaryController#index as HTML
  Rendering layout layouts/application.html.erb
  Rendering primary/index.html.erb within layouts/application
  Rendered primary/index.html.erb within layouts/application (Duration: 0.1ms | Allocations: 81)
  Rendered layout layouts/application.html.erb (Duration: 14.9ms | Allocations: 35053)
Completed 200 OK in 17ms (Views: 15.8ms | ActiveRecord: 0.0ms | Allocations: 35964)


Started GET "/" for ::1 at 2024-05-21 14:32:47 -0400
  [1m[36mActiveRecord::SchemaMigration Load (0.1ms)[0m  [1m[34mSELECT "schema_migrations"."version" FROM "schema_migrations" ORDER BY "schema_migrations"."version" ASC[0m
Processing by PrimaryController#index as HTML
  Rendering layout layouts/application.html.erb
  Rendering primary/index.html.erb within layouts/application
  Rendered primary/index.html.erb within layouts/application (Duration: 0.4ms | Allocations: 169)
  Rendered layout layouts/application.html.erb (Duration: 71.7ms | Allocations: 65907)
Completed 200 OK in 78ms (Views: 73.7ms | ActiveRecord: 0.0ms | Allocations: 69732)


Started GET "/" for ::1 at 2024-05-21 14:33:14 -0400
Processing by PrimaryController#index as HTML
  Rendering layout layouts/application.html.erb
  Rendering primary/index.html.erb within layouts/application
  Rendered primary/index.html.erb within layouts/application (Duration: 0.1ms | Allocations: 94)
  Rendered layout layouts/application.html.erb (Duration: 18.0ms | Allocations: 34076)
Completed 200 OK in 19ms (Views: 18.8ms | ActiveRecord: 0.0ms | Allocations: 34992)


Started GET "/" for ::1 at 2024-05-21 14:33:34 -0400
Processing by PrimaryController#index as HTML
  Rendering layout layouts/application.html.erb
  Rendering primary/index.html.erb within layouts/application
  Rendered primary/index.html.erb within layouts/application (Duration: 0.0ms | Allocations: 7)
  Rendered layout layouts/application.html.erb (Duration: 30.5ms | Allocations: 9952)
Completed 200 OK in 32ms (Views: 31.0ms | ActiveRecord: 0.0ms | Allocations: 10211)


Started GET "/" for ::1 at 2024-05-21 14:33:52 -0400
Processing by PrimaryController#index as HTML
  Rendering layout layouts/application.html.erb
  Rendering primary/index.html.erb within layouts/application
  Rendered primary/index.html.erb within layouts/application (Duration: 0.3ms | Allocations: 93)
  Rendered layout layouts/application.html.erb (Duration: 15.5ms | Allocations: 35616)
Completed 200 OK in 17ms (Views: 16.3ms | ActiveRecord: 0.0ms | Allocations: 36535)


Started GET "/" for ::1 at 2024-05-21 14:34:17 -0400
Processing by PrimaryController#index as HTML
  Rendering layout layouts/application.html.erb
  Rendering primary/index.html.erb within layouts/application
  Rendered primary/index.html.erb within layouts/application (Duration: 0.2ms | Allocations: 89)
  Rendered layout layouts/application.html.erb (Duration: 23.2ms | Allocations: 35629)
Completed 200 OK in 25ms (Views: 24.4ms | ActiveRecord: 0.0ms | Allocations: 36543)


Started GET "/" for ::1 at 2024-05-21 14:34:18 -0400
Processing by PrimaryController#index as HTML
  Rendering layout layouts/application.html.erb
  Rendering primary/index.html.erb within layouts/application
  Rendered primary/index.html.erb within layouts/application (Duration: 0.0ms | Allocations: 7)
  Rendered layout layouts/application.html.erb (Duration: 8.1ms | Allocations: 5967)
Completed 200 OK in 9ms (Views: 8.6ms | ActiveRecord: 0.0ms | Allocations: 6225)


